mode: set
/Users/pavel/GitHub-repos/own-golang-manual/0-golang-test-assignment/zhashkevych/coding-interview-challenge/generator/number_generator.go:21.56,25.76 3 1
/Users/pavel/GitHub-repos/own-golang-manual/0-golang-test-assignment/zhashkevych/coding-interview-challenge/generator/number_generator.go:30.2,30.12 1 1
/Users/pavel/GitHub-repos/own-golang-manual/0-golang-test-assignment/zhashkevych/coding-interview-challenge/generator/number_generator.go:25.76,29.3 2 1
/Users/pavel/GitHub-repos/own-golang-manual/0-golang-test-assignment/zhashkevych/coding-interview-challenge/generator/number_generator.go:34.51,36.33 2 1
/Users/pavel/GitHub-repos/own-golang-manual/0-golang-test-assignment/zhashkevych/coding-interview-challenge/generator/number_generator.go:40.2,41.52 2 1
/Users/pavel/GitHub-repos/own-golang-manual/0-golang-test-assignment/zhashkevych/coding-interview-challenge/generator/number_generator.go:36.33,38.3 1 1
/Users/pavel/GitHub-repos/own-golang-manual/0-golang-test-assignment/zhashkevych/coding-interview-challenge/generator/number_generator.go:41.52,43.3 1 1
/Users/pavel/GitHub-repos/own-golang-manual/0-golang-test-assignment/zhashkevych/coding-interview-challenge/generator/number_generator.go:49.43,53.40 3 1
/Users/pavel/GitHub-repos/own-golang-manual/0-golang-test-assignment/zhashkevych/coding-interview-challenge/generator/number_generator.go:53.40,56.44 2 1
/Users/pavel/GitHub-repos/own-golang-manual/0-golang-test-assignment/zhashkevych/coding-interview-challenge/generator/number_generator.go:56.44,59.4 2 1
/Users/pavel/GitHub-repos/own-golang-manual/0-golang-test-assignment/zhashkevych/coding-interview-challenge/generator/number_generator.go:64.55,65.45 1 1
/Users/pavel/GitHub-repos/own-golang-manual/0-golang-test-assignment/zhashkevych/coding-interview-challenge/generator/number_generator.go:69.2,72.25 3 1
/Users/pavel/GitHub-repos/own-golang-manual/0-golang-test-assignment/zhashkevych/coding-interview-challenge/generator/number_generator.go:65.45,67.3 1 1
